<?xml version="1.0" encoding="UTF-8"?>
<!-- Generated by org.testng.reporters.JUnitReportReporter -->
<testsuite skipped="0" hostname="DESKTOP-A94HERL" name="com.w2a.testcases.LoginTest" tests="1" failures="0" timestamp="25 Mar 2023 04:42:04 GMT" time="1.576" errors="0">
  <testcase name="loginTest" time="1.576" classname="com.w2a.testcases.LoginTest"/>
</testsuite> <!-- com.w2a.testcases.LoginTest -->
