<?xml version="1.0" encoding="UTF-8"?>
<!-- Generated by org.testng.reporters.JUnitReportReporter -->
<testsuite skipped="0" hostname="DESKTOP-A94HERL" name="com.w2a.testcases.LoginTest" tests="1" failures="0" timestamp="27 Mar 2023 13:41:18 GMT" time="1.841" errors="0">
  <testcase name="loginTest" time="1.841" classname="com.w2a.testcases.LoginTest"/>
</testsuite> <!-- com.w2a.testcases.LoginTest -->
